# JRE version: OpenJDK Runtime Environment Zulu11.54+25-CA (11.0.14.1+1) (build 11.0.14.1+1-LTS)
# Java VM: OpenJDK 64-Bit Server VM Zulu11.54+25-CA (11.0.14.1+1-LTS, mixed mode, tiered, compressed oops, g1 gc, linux-amd64)
Heap:
 garbage-first heap   total 92160K, used 26074K [0x00000000c2800000, 0x0000000100000000)
  region size 1024K, 14 young (14336K), 5 survivors (5120K)
 Metaspace       used 52271K, capacity 53554K, committed 53936K, reserved 1095680K
  class space    used 6338K, capacity 6796K, committed 6912K, reserved 1048576K
GC Heap History (20 events):
Event: 1,618 GC heap before
{Heap before GC invocations=0 (full 0):
 garbage-first heap   total 63488K, used 15360K [0x00000000c2800000, 0x0000000100000000)
  region size 1024K, 14 young (14336K), 0 survivors (0K)
 Metaspace       used 10052K, capacity 10224K, committed 10496K, reserved 1058816K
  class space    used 899K, capacity 957K, committed 1024K, reserved 1048576K
}
Event: 1,646 GC heap after
{Heap after GC invocations=1 (full 0):
 garbage-first heap   total 63488K, used 5804K [0x00000000c2800000, 0x0000000100000000)
  region size 1024K, 2 young (2048K), 2 survivors (2048K)
 Metaspace       used 10052K, capacity 10224K, committed 10496K, reserved 1058816K
  class space    used 899K, capacity 957K, committed 1024K, reserved 1048576K
}
Event: 2,238 GC heap before
{Heap before GC invocations=1 (full 0):
 garbage-first heap   total 63488K, used 13996K [0x00000000c2800000, 0x0000000100000000)
  region size 1024K, 10 young (10240K), 2 survivors (2048K)
 Metaspace       used 11826K, capacity 12037K, committed 12288K, reserved 1060864K
  class space    used 1113K, capacity 1180K, committed 1280K, reserved 1048576K
}
Event: 2,249 GC heap after
{Heap after GC invocations=2 (full 0):
 garbage-first heap   total 63488K, used 6507K [0x00000000c2800000, 0x0000000100000000)
  region size 1024K, 1 young (1024K), 1 survivors (1024K)
 Metaspace       used 11826K, capacity 12037K, committed 12288K, reserved 1060864K
  class space    used 1113K, capacity 1180K, committed 1280K, reserved 1048576K
}
Event: 3,639 GC heap before
{Heap before GC invocations=2 (full 0):
 garbage-first heap   total 63488K, used 26987K [0x00000000c2800000, 0x0000000100000000)
  region size 1024K, 22 young (22528K), 1 survivors (1024K)
 Metaspace       used 16356K, capacity 16831K, committed 17024K, reserved 1064960K
  class space    used 1667K, capacity 1828K, committed 1920K, reserved 1048576K
}
Event: 3,658 GC heap after
{Heap after GC invocations=3 (full 0):
 garbage-first heap   total 63488K, used 7570K [0x00000000c2800000, 0x0000000100000000)
  region size 1024K, 2 young (2048K), 2 survivors (2048K)
 Metaspace       used 16356K, capacity 16831K, committed 17024K, reserved 1064960K
  class space    used 1667K, capacity 1828K, committed 1920K, reserved 1048576K
}
Event: 5,023 GC heap before
{Heap before GC invocations=3 (full 0):
 garbage-first heap   total 63488K, used 29074K [0x00000000c2800000, 0x0000000100000000)
  region size 1024K, 24 young (24576K), 2 survivors (2048K)
 Metaspace       used 20567K, capacity 21100K, committed 21296K, reserved 1069056K
  class space    used 2183K, capacity 2382K, committed 2432K, reserved 1048576K
}
Event: 5,043 GC heap after
{Heap after GC invocations=4 (full 0):
 garbage-first heap   total 63488K, used 8414K [0x00000000c2800000, 0x0000000100000000)
  region size 1024K, 3 young (3072K), 3 survivors (3072K)
 Metaspace       used 20567K, capacity 21100K, committed 21296K, reserved 1069056K
  class space    used 2183K, capacity 2382K, committed 2432K, reserved 1048576K
}
Event: 6,166 GC heap before
{Heap before GC invocations=5 (full 0):
 garbage-first heap   total 63488K, used 35038K [0x00000000c2800000, 0x0000000100000000)
  region size 1024K, 29 young (29696K), 3 survivors (3072K)
 Metaspace       used 24998K, capacity 25675K, committed 26032K, reserved 1073152K
  class space    used 2753K, capacity 3013K, committed 3072K, reserved 1048576K
}
Event: 6,179 GC heap after
{Heap after GC invocations=6 (full 0):
 garbage-first heap   total 76800K, used 9378K [0x00000000c2800000, 0x0000000100000000)
  region size 1024K, 3 young (3072K), 3 survivors (3072K)
 Metaspace       used 24998K, capacity 25675K, committed 26032K, reserved 1073152K
  class space    used 2753K, capacity 3013K, committed 3072K, reserved 1048576K
}
Event: 7,720 GC heap before
{Heap before GC invocations=6 (full 0):
 garbage-first heap   total 76800K, used 48290K [0x00000000c2800000, 0x0000000100000000)
  region size 1024K, 41 young (41984K), 3 survivors (3072K)
 Metaspace       used 27689K, capacity 28395K, committed 28592K, reserved 1075200K
  class space    used 3035K, capacity 3312K, committed 3328K, reserved 1048576K
}
Event: 7,733 GC heap after
{Heap after GC invocations=7 (full 0):
 garbage-first heap   total 76800K, used 10540K [0x00000000c2800000, 0x0000000100000000)
  region size 1024K, 4 young (4096K), 4 survivors (4096K)
 Metaspace       used 27689K, capacity 28395K, committed 28592K, reserved 1075200K
  class space    used 3035K, capacity 3312K, committed 3328K, reserved 1048576K
}
Event: 9,321 GC heap before
{Heap before GC invocations=7 (full 0):
 garbage-first heap   total 76800K, used 50476K [0x00000000c2800000, 0x0000000100000000)
  region size 1024K, 43 young (44032K), 4 survivors (4096K)
 Metaspace       used 32624K, capacity 33563K, committed 33712K, reserved 1079296K
  class space    used 3724K, capacity 4057K, committed 4096K, reserved 1048576K
}
Event: 9,342 GC heap after
{Heap after GC invocations=8 (full 0):
 garbage-first heap   total 76800K, used 12756K [0x00000000c2800000, 0x0000000100000000)
  region size 1024K, 6 young (6144K), 6 survivors (6144K)
 Metaspace       used 32624K, capacity 33563K, committed 33712K, reserved 1079296K
  class space    used 3724K, capacity 4057K, committed 4096K, reserved 1048576K
}
Event: 9,995 GC heap before
{Heap before GC invocations=8 (full 0):
 garbage-first heap   total 76800K, used 25044K [0x00000000c2800000, 0x0000000100000000)
  region size 1024K, 19 young (19456K), 6 survivors (6144K)
 Metaspace       used 34690K, capacity 35773K, committed 35888K, reserved 1081344K
  class space    used 3993K, capacity 4389K, committed 4480K, reserved 1048576K
}
Event: 10,028 GC heap after
{Heap after GC invocations=9 (full 0):
 garbage-first heap   total 76800K, used 14092K [0x00000000c2800000, 0x0000000100000000)
  region size 1024K, 4 young (4096K), 4 survivors (4096K)
 Metaspace       used 34690K, capacity 35773K, committed 35888K, reserved 1081344K
  class space    used 3993K, capacity 4389K, committed 4480K, reserved 1048576K
}
Event: 11,392 GC heap before
{Heap before GC invocations=10 (full 0):
 garbage-first heap   total 76800K, used 54028K [0x00000000c2800000, 0x0000000100000000)
  region size 1024K, 43 young (44032K), 4 survivors (4096K)
 Metaspace       used 40819K, capacity 41965K, committed 42160K, reserved 1087488K
  class space    used 4641K, capacity 5089K, committed 5120K, reserved 1048576K
}
Event: 11,426 GC heap after
{Heap after GC invocations=11 (full 0):
 garbage-first heap   total 92160K, used 16206K [0x00000000c2800000, 0x0000000100000000)
  region size 1024K, 4 young (4096K), 4 survivors (4096K)
 Metaspace       used 40819K, capacity 41965K, committed 42160K, reserved 1087488K
  class space    used 4641K, capacity 5089K, committed 5120K, reserved 1048576K
}
Event: 13,354 GC heap before
{Heap before GC invocations=11 (full 0):
 garbage-first heap   total 92160K, used 61262K [0x00000000c2800000, 0x0000000100000000)
  region size 1024K, 48 young (49152K), 4 survivors (4096K)
 Metaspace       used 50552K, capacity 51827K, committed 52144K, reserved 1095680K
  class space    used 6140K, capacity 6603K, committed 6656K, reserved 1048576K
}
Event: 13,380 GC heap after
{Heap after GC invocations=12 (full 0):
 garbage-first heap   total 92160K, used 17882K [0x00000000c2800000, 0x0000000100000000)
  region size 1024K, 5 young (5120K), 5 survivors (5120K)
 Metaspace       used 50552K, capacity 51827K, committed 52144K, reserved 1095680K
  class space    used 6140K, capacity 6603K, committed 6656K, reserved 1048576K
}

